<?xml version="1.0" encoding="UTF-8"?>
<testsuite xmlns:xsi="http://www.w3.org/2001/XMLSchema-instance" xsi:noNamespaceSchemaLocation="https://maven.apache.org/surefire/maven-surefire-plugin/xsd/surefire-test-report.xsd" name="startup.navigator.Tests.FullSmokeTest" time="60.579" tests="1" errors="1" skipped="0" failures="0">
  <properties>
[...]
</properties>
  <testcase name="fullSmokeTest" classname="startup.navigator.Tests.FullSmokeTest" time="60.372">
    <error message="Expected condition failed: waiting for visibility of element located by By.xpath: //*[@id=&quot;root&quot;]/main/div/div/div/div[2]/div[2]/div/table/tbody/tr/td[1] (tried for 10 second(s) with 500 milliseconds interval)" type="org.openqa.selenium.TimeoutException">org.openqa.selenium.TimeoutException: Expected condition failed: waiting for visibility of element located by By.xpath: //*[@id="root"]/main/div/div/div/div[2]/div[2]/div/table/tbody/tr/td[1] (tried for 10 second(s) with 500 milliseconds interval)
	at startup.navigator.Tests.FullSmokeTest.fullSmokeTest(FullSmokeTest.java:116)
Caused by: org.openqa.selenium.NoSuchElementException: 
no such element: Unable to locate element: {"method":"xpath","selector":"//*[@id="root"]/main/div/div/div/div[2]/div[2]/div/table/tbody/tr/td[1]"}
  (Session info: chrome=83.0.4103.61)
For documentation on this error, please visit: https://www.seleniumhq.org/exceptions/no_such_element.html
Build info: version: '3.141.59', revision: 'e82be7d358', time: '2018-11-14T08:17:03'
System info: host: 'jcus-MacBook-Pro.local', ip: 'fe80:0:0:0:1890:421c:291b:3891%en0', os.name: 'Mac OS X', os.arch: 'x86_64', os.version: '10.15.4', java.version: '11.0.7'
Driver info: org.openqa.selenium.chrome.ChromeDriver
Capabilities {acceptInsecureCerts: false, browserName: chrome, browserVersion: 83.0.4103.61, chrome: {chromedriverVersion: 83.0.4103.14 (be04594a2b841..., userDataDir: /var/folders/qs/by9w247j2j5...}, goog:chromeOptions: {debuggerAddress: localhost:51224}, javascriptEnabled: true, networkConnectionEnabled: false, pageLoadStrategy: normal, platform: MAC, platformName: MAC, proxy: Proxy(), setWindowRect: true, strictFileInteractability: false, timeouts: {implicit: 0, pageLoad: 300000, script: 30000}, unhandledPromptBehavior: dismiss and notify, webauthn:virtualAuthenticators: true}
Session ID: 9752133b033555f8d29ba402aa8d5269
*** Element info: {Using=xpath, value=//*[@id="root"]/main/div/div/div/div[2]/div[2]/div/table/tbody/tr/td[1]}
	at startup.navigator.Tests.FullSmokeTest.fullSmokeTest(FullSmokeTest.java:116)
</error>
    <system-out><![CDATA[TEST START!!!!!!!!!!!!!!!
TEST COMPLITE !!!!!!!!!!!!!!
]]></system-out>
    <system-err><![CDATA[Starting ChromeDriver 83.0.4103.14 (be04594a2b8411758b860104bc0a1033417178be-refs/branch-heads/4103@{#119}) on port 2631
Only local connections are allowed.
Please see https://chromedriver.chromium.org/security-considerations for suggestions on keeping ChromeDriver safe.
ChromeDriver was started successfully.
июн. 04, 2020 9:59:49 AM org.openqa.selenium.remote.ProtocolHandshake createSession
INFO: Detected dialect: W3C
]]></system-err>
  </testcase>
</testsuite>